<?xml version="1.0" encoding="UTF-8"?>
<!-- Generated by org.testng.reporters.JUnitXMLReporter -->
<testsuite ignored="0" hostname="RAHULs-MacBook-Air-2.local" failures="0" tests="3" name="Test" time="0.034" errors="0" timestamp="2025-07-26T16:25:02 IST">
  <testcase classname="SulekhaMaliPractice.SeleniumFramework.TestComponents.BaseTest" name="@BeforeMethod LaunchApp" time="0.003">
    <failure type="java.lang.NullPointerException" message="Cannot invoke &amp;quot;String.equals(Object)&amp;quot; because &amp;quot;browsername&amp;quot; is null">
      <![CDATA[java.lang.NullPointerException: Cannot invoke "String.equals(Object)" because "browsername" is null
at SulekhaMaliPractice.SeleniumFramework.TestComponents.BaseTest.InitializeDriver(BaseTest.java:38)
at SulekhaMaliPractice.SeleniumFramework.TestComponents.BaseTest.LaunchApp(BaseTest.java:58)
at java.base/java.util.ArrayList.forEach(ArrayList.java:1511)
... Removed 31 stack frames]]>
    </failure>
  </testcase> <!-- @BeforeMethod LaunchApp -->
  <testcase classname="SulekhaMaliPractice.SeleniumFramework.TestComponents.BaseTest" name="@AfterMethod closeDriver" time="0.0">
    <skipped/>
  </testcase> <!-- @AfterMethod closeDriver -->
  <testcase classname="SulekhaMaliPractice.SeleniumFramework.TestComponents.BaseTest" name="@BeforeMethod LaunchApp" time="0.0">
    <skipped/>
  </testcase> <!-- @BeforeMethod LaunchApp -->
  <testcase classname="SulekhaMaliPractice.SeleniumFramework.TestComponents.BaseTest" name="@AfterMethod closeDriver" time="0.0">
    <skipped/>
  </testcase> <!-- @AfterMethod closeDriver -->
  <testcase classname="SulekhaMaliPractice.SeleniumFramework.TestComponents.BaseTest" name="@BeforeMethod LaunchApp" time="0.0">
    <skipped/>
  </testcase> <!-- @BeforeMethod LaunchApp -->
  <testcase classname="SulekhaMaliPractice.SeleniumFramework.TestComponents.BaseTest" name="@AfterMethod closeDriver" time="0.0">
    <skipped/>
  </testcase> <!-- @AfterMethod closeDriver -->
  <testcase classname="SulekhaMaliPractice.SeleniumFramework.Tests.OrderBookingTests" name="verifyMultipleOrderBooking" time="0.0">
    <skipped/>
  </testcase> <!-- verifyMultipleOrderBooking -->
  <testcase classname="SulekhaMaliPractice.SeleniumFramework.Tests.OrderBookingTests" name="verifyOrderBooking" time="0.0">
    <skipped/>
  </testcase> <!-- verifyOrderBooking -->
  <testcase classname="SulekhaMaliPractice.SeleniumFramework.Tests.OrderBookingTests" name="verifyShoppingBadgeIconChange" time="0.0">
    <skipped/>
  </testcase> <!-- verifyShoppingBadgeIconChange -->
</testsuite> <!-- Test -->
